[1/11] Performing build step for 'bootloader'
[1/1] cmd.exe /C "cd /D C:\esp32_exercise\build\bootloader\esp-idf\esptool_py && C:\EspressifnotVSC\python_env\idf5.0_py3.11_env\Scripts\python.exe C:/EspressifnotVSC/frameworks/esp-idf-v5.0.4/components/partition_table/check_sizes.py --offset 0x8000 bootloader 0x1000 C:/esp32_exercise/build/bootloader/bootloader.bin"
Bootloader binary size 0x6760 bytes. 0x8a0 bytes (8%) free.
[2/9] Building C object esp-idf/wifi/CMakeFiles/__idf_wifi.dir/wifi.c.obj
FAILED: esp-idf/wifi/CMakeFiles/__idf_wifi.dir/wifi.c.obj 
ccache C:\EspressifnotVSC\tools\xtensa-esp32-elf\esp-2022r1-11.2.0\xtensa-esp32-elf\bin\xtensa-esp32-elf-gcc.exe -DSOC_MMU_PAGE_SIZE=CONFIG_MMU_PAGE_SIZE -IC:/esp32_exercise/build/config -IC:/EspressifnotVSC/frameworks/esp-idf-v5.0.4/components/newlib/platform_include -IC:/EspressifnotVSC/frameworks/esp-idf-v5.0.4/components/freertos/FreeRTOS-Kernel/include -IC:/EspressifnotVSC/frameworks/esp-idf-v5.0.4/components/freertos/esp_additions/include/freertos -IC:/EspressifnotVSC/frameworks/esp-idf-v5.0.4/components/freertos/FreeRTOS-Kernel/portable/xtensa/include -IC:/EspressifnotVSC/frameworks/esp-idf-v5.0.4/components/freertos/esp_additions/include -IC:/EspressifnotVSC/frameworks/esp-idf-v5.0.4/components/esp_hw_support/include -IC:/EspressifnotVSC/frameworks/esp-idf-v5.0.4/components/esp_hw_support/include/soc -IC:/EspressifnotVSC/frameworks/esp-idf-v5.0.4/components/esp_hw_support/include/soc/esp32 -IC:/EspressifnotVSC/frameworks/esp-idf-v5.0.4/components/esp_hw_support/port/esp32/. -IC:/EspressifnotVSC/frameworks/esp-idf-v5.0.4/components/esp_hw_support/port/esp32/private_include -IC:/EspressifnotVSC/frameworks/esp-idf-v5.0.4/components/heap/include -IC:/EspressifnotVSC/frameworks/esp-idf-v5.0.4/components/log/include -IC:/EspressifnotVSC/frameworks/esp-idf-v5.0.4/components/soc/include -IC:/EspressifnotVSC/frameworks/esp-idf-v5.0.4/components/soc/esp32/. -IC:/EspressifnotVSC/frameworks/esp-idf-v5.0.4/components/soc/esp32/include -IC:/EspressifnotVSC/frameworks/esp-idf-v5.0.4/components/hal/esp32/include -IC:/EspressifnotVSC/frameworks/esp-idf-v5.0.4/components/hal/include -IC:/EspressifnotVSC/frameworks/esp-idf-v5.0.4/components/hal/platform_port/include -IC:/EspressifnotVSC/frameworks/esp-idf-v5.0.4/components/esp_rom/include -IC:/EspressifnotVSC/frameworks/esp-idf-v5.0.4/components/esp_rom/include/esp32 -IC:/EspressifnotVSC/frameworks/esp-idf-v5.0.4/components/esp_rom/esp32 -IC:/EspressifnotVSC/frameworks/esp-idf-v5.0.4/components/esp_common/include -IC:/EspressifnotVSC/frameworks/esp-idf-v5.0.4/components/esp_system/include -IC:/EspressifnotVSC/frameworks/esp-idf-v5.0.4/components/esp_system/port/soc -IC:/EspressifnotVSC/frameworks/esp-idf-v5.0.4/components/esp_system/port/include/private -IC:/EspressifnotVSC/frameworks/esp-idf-v5.0.4/components/xtensa/include -IC:/EspressifnotVSC/frameworks/esp-idf-v5.0.4/components/xtensa/esp32/include -IC:/EspressifnotVSC/frameworks/esp-idf-v5.0.4/components/lwip/include -IC:/EspressifnotVSC/frameworks/esp-idf-v5.0.4/components/lwip/include/apps -IC:/EspressifnotVSC/frameworks/esp-idf-v5.0.4/components/lwip/include/apps/sntp -IC:/EspressifnotVSC/frameworks/esp-idf-v5.0.4/components/lwip/lwip/src/include -IC:/EspressifnotVSC/frameworks/esp-idf-v5.0.4/components/lwip/port/esp32/include -IC:/EspressifnotVSC/frameworks/esp-idf-v5.0.4/components/lwip/port/esp32/include/arch -IC:/EspressifnotVSC/frameworks/esp-idf-v5.0.4/components/driver/include -IC:/EspressifnotVSC/frameworks/esp-idf-v5.0.4/components/driver/deprecated -IC:/EspressifnotVSC/frameworks/esp-idf-v5.0.4/components/driver/esp32/include -IC:/EspressifnotVSC/frameworks/esp-idf-v5.0.4/components/esp_pm/include -IC:/EspressifnotVSC/frameworks/esp-idf-v5.0.4/components/esp_ringbuf/include -mlongcalls -Wno-frame-address  -fdiagnostics-color=always -ffunction-sections -fdata-sections -Wall -Werror=all -Wno-error=unused-function -Wno-error=unused-variable -Wno-error=deprecated-declarations -Wextra -Wno-unused-parameter -Wno-sign-compare -Wno-enum-conversion -gdwarf-4 -ggdb -Og -fmacro-prefix-map=C:/esp32_exercise=. -fmacro-prefix-map=C:/EspressifnotVSC/frameworks/esp-idf-v5.0.4=/IDF -fstrict-volatile-bitfields -Wno-error=unused-but-set-variable -fno-jump-tables -fno-tree-switch-conversion -DconfigENABLE_FREERTOS_DEBUG_OCDAWARE=1 -std=gnu17 -Wno-old-style-declaration -D_GNU_SOURCE -DIDF_VER=\"v5.0.4-dirty\" -DESP_PLATFORM -D_POSIX_READER_WRITER_LOCKS -MD -MT esp-idf/wifi/CMakeFiles/__idf_wifi.dir/wifi.c.obj -MF esp-idf\wifi\CMakeFiles\__idf_wifi.dir\wifi.c.obj.d -o esp-idf/wifi/CMakeFiles/__idf_wifi.dir/wifi.c.obj -c C:/esp32_exercise/components/wifi/wifi.c
In file included from C:/esp32_exercise/components/wifi/wifi.c:3:
C:/esp32_exercise/components/wifi/wifi.h:1:8: error: unknown type name 'esp_err_t'
    1 | static esp_err_t _wifi_init_softap(void);
      |        ^~~~~~~~~
C:/esp32_exercise/components/wifi/wifi.h:2:41: error: unknown type name 'esp_event_base_t'
    2 | static void _event_handler(void *p_arg, esp_event_base_t event_base, int32_t event_id, void *p_event_data);
      |                                         ^~~~~~~~~~~~~~~~
C:/esp32_exercise/components/wifi/wifi.c:18:8: error: unknown type name 'esp_err_t'
   18 | static esp_err_t _wifi_init_softap(void);
      |        ^~~~~~~~~
C:/esp32_exercise/components/wifi/wifi.c:25:8: error: unknown type name 'esp_err_t'
   25 | static esp_err_t _wifi_init_softap(void)
      |        ^~~~~~~~~
C:/esp32_exercise/components/wifi/wifi.c: In function '_wifi_init_softap':
C:/esp32_exercise/components/wifi/wifi.c:27:5: error: unknown type name 'esp_err_t'
   27 |     esp_err_t err = ESP_OK;
      |     ^~~~~~~~~
C:/esp32_exercise/components/wifi/wifi.c:27:21: error: 'ESP_OK' undeclared (first use in this function)
   27 |     esp_err_t err = ESP_OK;
      |                     ^~~~~~
C:/esp32_exercise/components/wifi/wifi.c:27:21: note: each undeclared identifier is reported only once for each function it appears in
C:/esp32_exercise/components/wifi/wifi.c:32:9: error: implicit declaration of function 'ESP_LOGI' [-Werror=implicit-function-declaration]
   32 |         ESP_LOGI(TAG, " Initialize TCP/IP");
      |         ^~~~~~~~
C:/esp32_exercise/components/wifi/wifi.c:33:15: error: implicit declaration of function 'esp_netif_init' [-Werror=implicit-function-declaration]
   33 |         err = esp_netif_init();
      |               ^~~~~~~~~~~~~~
C:/esp32_exercise/components/wifi/wifi.c:40:15: error: implicit declaration of function 'esp_event_loop_create_default' [-Werror=implicit-function-declaration]
   40 |         err = esp_event_loop_create_default();
      |               ^~~~~~~~~~~~~~~~~~~~~~~~~~~~~
C:/esp32_exercise/components/wifi/wifi.c:47:9: error: implicit declaration of function 'esp_netif_create_default_wifi_ap' [-Werror=implicit-function-declaration]
   47 |         esp_netif_create_default_wifi_ap();
      |         ^~~~~~~~~~~~~~~~~~~~~~~~~~~~~~~~
C:/esp32_exercise/components/wifi/wifi.c:50:5: error: unknown type name 'wifi_init_config_t'
   50 |     wifi_init_config_t cfg = WIFI_INIT_CONFIG_DEFAULT();
      |     ^~~~~~~~~~~~~~~~~~
C:/esp32_exercise/components/wifi/wifi.c:50:30: error: implicit declaration of function 'WIFI_INIT_CONFIG_DEFAULT' [-Werror=implicit-function-declaration]
   50 |     wifi_init_config_t cfg = WIFI_INIT_CONFIG_DEFAULT();
      |                              ^~~~~~~~~~~~~~~~~~~~~~~~
C:/esp32_exercise/components/wifi/wifi.c:55:15: error: implicit declaration of function 'esp_wifi_init' [-Werror=implicit-function-declaration]
   55 |         err = esp_wifi_init(&cfg);
      |               ^~~~~~~~~~~~~
C:/esp32_exercise/components/wifi/wifi.c:61:15: error: implicit declaration of function 'esp_event_handler_instance_register' [-Werror=implicit-function-declaration]
   61 |         err = esp_event_handler_instance_register(WIFI_EVENT, ESP_EVENT_ANY_ID, &_event_handler, NULL, NULL);
      |               ^~~~~~~~~~~~~~~~~~~~~~~~~~~~~~~~~~~
C:/esp32_exercise/components/wifi/wifi.c:61:51: error: 'WIFI_EVENT' undeclared (first use in this function)
   61 |         err = esp_event_handler_instance_register(WIFI_EVENT, ESP_EVENT_ANY_ID, &_event_handler, NULL, NULL);
      |                                                   ^~~~~~~~~~
C:/esp32_exercise/components/wifi/wifi.c:61:63: error: 'ESP_EVENT_ANY_ID' undeclared (first use in this function)
   61 |         err = esp_event_handler_instance_register(WIFI_EVENT, ESP_EVENT_ANY_ID, &_event_handler, NULL, NULL);
      |                                                               ^~~~~~~~~~~~~~~~
C:/esp32_exercise/components/wifi/wifi.c:61:82: error: '_event_handler' undeclared (first use in this function)
   61 |         err = esp_event_handler_instance_register(WIFI_EVENT, ESP_EVENT_ANY_ID, &_event_handler, NULL, NULL);
      |                                                                                  ^~~~~~~~~~~~~~
C:/esp32_exercise/components/wifi/wifi.c:64:5: error: unknown type name 'wifi_config_t'
   64 |     wifi_config_t wifi_config = {
      |     ^~~~~~~~~~~~~
C:/esp32_exercise/components/wifi/wifi.c:65:9: error: field name not in record or union initializer
   65 |         .ap = {
      |         ^
C:/esp32_exercise/components/wifi/wifi.c:65:9: note: (near initialization for 'wifi_config')
C:/esp32_exercise/components/wifi/wifi.c:65:9: warning: braces around scalar initializer
C:/esp32_exercise/components/wifi/wifi.c:65:9: note: (near initialization for 'wifi_config')
C:/esp32_exercise/components/wifi/wifi.c:66:13: error: field name not in record or union initializer
   66 |             .ssid = EXAMPLE_ESP_WIFI_SSID,
      |             ^
C:/esp32_exercise/components/wifi/wifi.c:66:13: note: (near initialization for 'wifi_config')
C:/esp32_exercise/components/wifi/wifi.c:6:34: warning: initialization of 'int' from 'char *' makes integer from pointer without a cast [-Wint-conversion]
    6 | #define EXAMPLE_ESP_WIFI_SSID    ("ESP32_sipjo")
      |                                  ^
C:/esp32_exercise/components/wifi/wifi.c:66:21: note: in expansion of macro 'EXAMPLE_ESP_WIFI_SSID'
   66 |             .ssid = EXAMPLE_ESP_WIFI_SSID,
      |                     ^~~~~~~~~~~~~~~~~~~~~
C:/esp32_exercise/components/wifi/wifi.c:6:34: note: (near initialization for 'wifi_config')
    6 | #define EXAMPLE_ESP_WIFI_SSID    ("ESP32_sipjo")
      |                                  ^
C:/esp32_exercise/components/wifi/wifi.c:66:21: note: in expansion of macro 'EXAMPLE_ESP_WIFI_SSID'
   66 |             .ssid = EXAMPLE_ESP_WIFI_SSID,
      |                     ^~~~~~~~~~~~~~~~~~~~~
C:/esp32_exercise/components/wifi/wifi.c:67:13: error: field name not in record or union initializer
   67 |             .ssid_len = strlen(EXAMPLE_ESP_WIFI_SSID),
      |             ^
C:/esp32_exercise/components/wifi/wifi.c:67:13: note: (near initialization for 'wifi_config')
C:/esp32_exercise/components/wifi/wifi.c:67:25: warning: excess elements in scalar initializer
   67 |             .ssid_len = strlen(EXAMPLE_ESP_WIFI_SSID),
      |                         ^~~~~~
C:/esp32_exercise/components/wifi/wifi.c:67:25: note: (near initialization for 'wifi_config')
C:/esp32_exercise/components/wifi/wifi.c:68:13: error: field name not in record or union initializer
   68 |             .channel = EXAMPLE_ESP_WIFI_CHANNEL,
      |             ^
C:/esp32_exercise/components/wifi/wifi.c:68:13: note: (near initialization for 'wifi_config')
C:/esp32_exercise/components/wifi/wifi.c:8:34: warning: excess elements in scalar initializer
    8 | #define EXAMPLE_ESP_WIFI_CHANNEL (1U)
      |                                  ^
C:/esp32_exercise/components/wifi/wifi.c:68:24: note: in expansion of macro 'EXAMPLE_ESP_WIFI_CHANNEL'
   68 |             .channel = EXAMPLE_ESP_WIFI_CHANNEL,
      |                        ^~~~~~~~~~~~~~~~~~~~~~~~
C:/esp32_exercise/components/wifi/wifi.c:8:34: note: (near initialization for 'wifi_config')
    8 | #define EXAMPLE_ESP_WIFI_CHANNEL (1U)
      |                                  ^
C:/esp32_exercise/components/wifi/wifi.c:68:24: note: in expansion of macro 'EXAMPLE_ESP_WIFI_CHANNEL'
   68 |             .channel = EXAMPLE_ESP_WIFI_CHANNEL,
      |                        ^~~~~~~~~~~~~~~~~~~~~~~~
C:/esp32_exercise/components/wifi/wifi.c:69:13: error: field name not in record or union initializer
   69 |             .password = EXAMPLE_ESP_WIFI_PASS,
      |             ^
C:/esp32_exercise/components/wifi/wifi.c:69:13: note: (near initialization for 'wifi_config')
C:/esp32_exercise/components/wifi/wifi.c:7:34: warning: excess elements in scalar initializer
    7 | #define EXAMPLE_ESP_WIFI_PASS    ("123456")
      |                                  ^
C:/esp32_exercise/components/wifi/wifi.c:69:25: note: in expansion of macro 'EXAMPLE_ESP_WIFI_PASS'
   69 |             .password = EXAMPLE_ESP_WIFI_PASS,
      |                         ^~~~~~~~~~~~~~~~~~~~~
C:/esp32_exercise/components/wifi/wifi.c:7:34: note: (near initialization for 'wifi_config')
    7 | #define EXAMPLE_ESP_WIFI_PASS    ("123456")
      |                                  ^
C:/esp32_exercise/components/wifi/wifi.c:69:25: note: in expansion of macro 'EXAMPLE_ESP_WIFI_PASS'
   69 |             .password = EXAMPLE_ESP_WIFI_PASS,
      |                         ^~~~~~~~~~~~~~~~~~~~~
C:/esp32_exercise/components/wifi/wifi.c:70:13: error: field name not in record or union initializer
   70 |             .max_connection = EXAMPLE_MAX_STA_CONN,
      |             ^
C:/esp32_exercise/components/wifi/wifi.c:70:13: note: (near initialization for 'wifi_config')
C:/esp32_exercise/components/wifi/wifi.c:9:34: warning: excess elements in scalar initializer
    9 | #define EXAMPLE_MAX_STA_CONN     (4U)
      |                                  ^
C:/esp32_exercise/components/wifi/wifi.c:70:31: note: in expansion of macro 'EXAMPLE_MAX_STA_CONN'
   70 |             .max_connection = EXAMPLE_MAX_STA_CONN,
      |                               ^~~~~~~~~~~~~~~~~~~~
C:/esp32_exercise/components/wifi/wifi.c:9:34: note: (near initialization for 'wifi_config')
    9 | #define EXAMPLE_MAX_STA_CONN     (4U)
      |                                  ^
C:/esp32_exercise/components/wifi/wifi.c:70:31: note: in expansion of macro 'EXAMPLE_MAX_STA_CONN'
   70 |             .max_connection = EXAMPLE_MAX_STA_CONN,
      |                               ^~~~~~~~~~~~~~~~~~~~
C:/esp32_exercise/components/wifi/wifi.c:71:13: error: field name not in record or union initializer
   71 |             .authmode = WIFI_AUTH_WPA_WPA2_PSK,
      |             ^
C:/esp32_exercise/components/wifi/wifi.c:71:13: note: (near initialization for 'wifi_config')
C:/esp32_exercise/components/wifi/wifi.c:71:25: error: 'WIFI_AUTH_WPA_WPA2_PSK' undeclared (first use in this function)
   71 |             .authmode = WIFI_AUTH_WPA_WPA2_PSK,
      |                         ^~~~~~~~~~~~~~~~~~~~~~
C:/esp32_exercise/components/wifi/wifi.c:71:25: warning: excess elements in scalar initializer
C:/esp32_exercise/components/wifi/wifi.c:71:25: note: (near initialization for 'wifi_config')
C:/esp32_exercise/components/wifi/wifi.c:77:20: error: request for member 'ap' in something not a structure or union
   77 |         wifi_config.ap.authmode = WIFI_AUTH_OPEN;
      |                    ^
C:/esp32_exercise/components/wifi/wifi.c:77:35: error: 'WIFI_AUTH_OPEN' undeclared (first use in this function)
   77 |         wifi_config.ap.authmode = WIFI_AUTH_OPEN;
      |                                   ^~~~~~~~~~~~~~
C:/esp32_exercise/components/wifi/wifi.c:84:15: error: implicit declaration of function 'esp_wifi_set_mode' [-Werror=implicit-function-declaration]
   84 |         err = esp_wifi_set_mode(WIFI_MODE_AP);
      |               ^~~~~~~~~~~~~~~~~
C:/esp32_exercise/components/wifi/wifi.c:84:33: error: 'WIFI_MODE_AP' undeclared (first use in this function)
   84 |         err = esp_wifi_set_mode(WIFI_MODE_AP);
      |                                 ^~~~~~~~~~~~
C:/esp32_exercise/components/wifi/wifi.c:91:15: error: implicit declaration of function 'esp_wifi_set_config' [-Werror=implicit-function-declaration]
   91 |         err = esp_wifi_set_config(WIFI_IF_AP, &wifi_config);
      |               ^~~~~~~~~~~~~~~~~~~
C:/esp32_exercise/components/wifi/wifi.c:91:35: error: 'WIFI_IF_AP' undeclared (first use in this function)
   91 |         err = esp_wifi_set_config(WIFI_IF_AP, &wifi_config);
      |                                   ^~~~~~~~~~
C:/esp32_exercise/components/wifi/wifi.c:98:15: error: implicit declaration of function 'esp_wifi_start' [-Werror=implicit-function-declaration]
   98 |         err = esp_wifi_start();
      |               ^~~~~~~~~~~~~~
C:/esp32_exercise/components/wifi/wifi.c: At top level:
C:/esp32_exercise/components/wifi/wifi.c:111:41: error: unknown type name 'esp_event_base_t'
  111 | static void _event_handler(void *p_arg, esp_event_base_t event_base, int32_t event_id, void *p_event_data)
      |                                         ^~~~~~~~~~~~~~~~
C:/esp32_exercise/components/wifi/wifi.c:25:18: warning: '_wifi_init_softap' defined but not used [-Wunused-function]
   25 | static esp_err_t _wifi_init_softap(void)
      |                  ^~~~~~~~~~~~~~~~~
cc1.exe: some warnings being treated as errors
ninja: build stopped: subcommand failed.
