[1/12] Building C object esp-idf/wifi/CMakeFiles/__idf_wifi.dir/wifi.c.obj
FAILED: esp-idf/wifi/CMakeFiles/__idf_wifi.dir/wifi.c.obj 
ccache C:\EspressifnotVSC\tools\xtensa-esp32-elf\esp-2022r1-11.2.0\xtensa-esp32-elf\bin\xtensa-esp32-elf-gcc.exe -DSOC_MMU_PAGE_SIZE=CONFIG_MMU_PAGE_SIZE -IC:/esp32_exercise/build/config -IC:/EspressifnotVSC/frameworks/esp-idf-v5.0.4/components/newlib/platform_include -IC:/EspressifnotVSC/frameworks/esp-idf-v5.0.4/components/freertos/FreeRTOS-Kernel/include -IC:/EspressifnotVSC/frameworks/esp-idf-v5.0.4/components/freertos/esp_additions/include/freertos -IC:/EspressifnotVSC/frameworks/esp-idf-v5.0.4/components/freertos/FreeRTOS-Kernel/portable/xtensa/include -IC:/EspressifnotVSC/frameworks/esp-idf-v5.0.4/components/freertos/esp_additions/include -IC:/EspressifnotVSC/frameworks/esp-idf-v5.0.4/components/esp_hw_support/include -IC:/EspressifnotVSC/frameworks/esp-idf-v5.0.4/components/esp_hw_support/include/soc -IC:/EspressifnotVSC/frameworks/esp-idf-v5.0.4/components/esp_hw_support/include/soc/esp32 -IC:/EspressifnotVSC/frameworks/esp-idf-v5.0.4/components/esp_hw_support/port/esp32/. -IC:/EspressifnotVSC/frameworks/esp-idf-v5.0.4/components/esp_hw_support/port/esp32/private_include -IC:/EspressifnotVSC/frameworks/esp-idf-v5.0.4/components/heap/include -IC:/EspressifnotVSC/frameworks/esp-idf-v5.0.4/components/log/include -IC:/EspressifnotVSC/frameworks/esp-idf-v5.0.4/components/soc/include -IC:/EspressifnotVSC/frameworks/esp-idf-v5.0.4/components/soc/esp32/. -IC:/EspressifnotVSC/frameworks/esp-idf-v5.0.4/components/soc/esp32/include -IC:/EspressifnotVSC/frameworks/esp-idf-v5.0.4/components/hal/esp32/include -IC:/EspressifnotVSC/frameworks/esp-idf-v5.0.4/components/hal/include -IC:/EspressifnotVSC/frameworks/esp-idf-v5.0.4/components/hal/platform_port/include -IC:/EspressifnotVSC/frameworks/esp-idf-v5.0.4/components/esp_rom/include -IC:/EspressifnotVSC/frameworks/esp-idf-v5.0.4/components/esp_rom/include/esp32 -IC:/EspressifnotVSC/frameworks/esp-idf-v5.0.4/components/esp_rom/esp32 -IC:/EspressifnotVSC/frameworks/esp-idf-v5.0.4/components/esp_common/include -IC:/EspressifnotVSC/frameworks/esp-idf-v5.0.4/components/esp_system/include -IC:/EspressifnotVSC/frameworks/esp-idf-v5.0.4/components/esp_system/port/soc -IC:/EspressifnotVSC/frameworks/esp-idf-v5.0.4/components/esp_system/port/include/private -IC:/EspressifnotVSC/frameworks/esp-idf-v5.0.4/components/xtensa/include -IC:/EspressifnotVSC/frameworks/esp-idf-v5.0.4/components/xtensa/esp32/include -IC:/EspressifnotVSC/frameworks/esp-idf-v5.0.4/components/lwip/include -IC:/EspressifnotVSC/frameworks/esp-idf-v5.0.4/components/lwip/include/apps -IC:/EspressifnotVSC/frameworks/esp-idf-v5.0.4/components/lwip/include/apps/sntp -IC:/EspressifnotVSC/frameworks/esp-idf-v5.0.4/components/lwip/lwip/src/include -IC:/EspressifnotVSC/frameworks/esp-idf-v5.0.4/components/lwip/port/esp32/include -IC:/EspressifnotVSC/frameworks/esp-idf-v5.0.4/components/lwip/port/esp32/include/arch -mlongcalls -Wno-frame-address  -fdiagnostics-color=always -ffunction-sections -fdata-sections -Wall -Werror=all -Wno-error=unused-function -Wno-error=unused-variable -Wno-error=deprecated-declarations -Wextra -Wno-unused-parameter -Wno-sign-compare -Wno-enum-conversion -gdwarf-4 -ggdb -Og -fmacro-prefix-map=C:/esp32_exercise=. -fmacro-prefix-map=C:/EspressifnotVSC/frameworks/esp-idf-v5.0.4=/IDF -fstrict-volatile-bitfields -Wno-error=unused-but-set-variable -fno-jump-tables -fno-tree-switch-conversion -DconfigENABLE_FREERTOS_DEBUG_OCDAWARE=1 -std=gnu17 -Wno-old-style-declaration -D_GNU_SOURCE -DIDF_VER=\"v5.0.4-dirty\" -DESP_PLATFORM -D_POSIX_READER_WRITER_LOCKS -MD -MT esp-idf/wifi/CMakeFiles/__idf_wifi.dir/wifi.c.obj -MF esp-idf\wifi\CMakeFiles\__idf_wifi.dir\wifi.c.obj.d -o esp-idf/wifi/CMakeFiles/__idf_wifi.dir/wifi.c.obj -c C:/esp32_exercise/components/wifi/wifi.c
C:/esp32_exercise/components/wifi/wifi.c:9:8: error: unknown type name 'esp_err_t'
    9 | static esp_err_t _wifi_init_softap(void);
      |        ^~~~~~~~~
C:/esp32_exercise/components/wifi/wifi.c:16:8: error: unknown type name 'esp_err_t'
   16 | static esp_err_t _wifi_init_softap(void)
      |        ^~~~~~~~~
C:/esp32_exercise/components/wifi/wifi.c: In function '_wifi_init_softap':
C:/esp32_exercise/components/wifi/wifi.c:18:5: error: unknown type name 'esp_err_t'
   18 |     esp_err_t err = ESP_OK;
      |     ^~~~~~~~~
C:/esp32_exercise/components/wifi/wifi.c:18:21: error: 'ESP_OK' undeclared (first use in this function)
   18 |     esp_err_t err = ESP_OK;
      |                     ^~~~~~
C:/esp32_exercise/components/wifi/wifi.c:18:21: note: each undeclared identifier is reported only once for each function it appears in
C:/esp32_exercise/components/wifi/wifi.c:23:9: error: implicit declaration of function 'ESP_LOGI' [-Werror=implicit-function-declaration]
   23 |         ESP_LOGI(TAG, " Initialize TCP/IP");
      |         ^~~~~~~~
C:/esp32_exercise/components/wifi/wifi.c:24:15: error: implicit declaration of function 'esp_netif_init' [-Werror=implicit-function-declaration]
   24 |         err = esp_netif_init();
      |               ^~~~~~~~~~~~~~
C:/esp32_exercise/components/wifi/wifi.c:31:15: error: implicit declaration of function 'esp_event_loop_create_default' [-Werror=implicit-function-declaration]
   31 |         err = esp_event_loop_create_default();
      |               ^~~~~~~~~~~~~~~~~~~~~~~~~~~~~
C:/esp32_exercise/components/wifi/wifi.c:38:9: error: implicit declaration of function 'esp_netif_create_default_wifi_ap' [-Werror=implicit-function-declaration]
   38 |         esp_netif_create_default_wifi_ap();
      |         ^~~~~~~~~~~~~~~~~~~~~~~~~~~~~~~~
C:/esp32_exercise/components/wifi/wifi.c:41:5: error: unknown type name 'wifi_init_config_t'
   41 |     wifi_init_config_t cfg = WIFI_INIT_CONFIG_DEFAULT();
      |     ^~~~~~~~~~~~~~~~~~
C:/esp32_exercise/components/wifi/wifi.c:41:30: error: implicit declaration of function 'WIFI_INIT_CONFIG_DEFAULT' [-Werror=implicit-function-declaration]
   41 |     wifi_init_config_t cfg = WIFI_INIT_CONFIG_DEFAULT();
      |                              ^~~~~~~~~~~~~~~~~~~~~~~~
C:/esp32_exercise/components/wifi/wifi.c:46:15: error: implicit declaration of function 'esp_wifi_init' [-Werror=implicit-function-declaration]
   46 |         err = esp_wifi_init(&cfg);
      |               ^~~~~~~~~~~~~
C:/esp32_exercise/components/wifi/wifi.c:52:15: error: implicit declaration of function 'esp_event_handler_instance_register' [-Werror=implicit-function-declaration]
   52 |         err = esp_event_handler_instance_register(WIFI_EVENT, ESP_EVENT_ANY_ID, &_event_handler, NULL, NULL);
      |               ^~~~~~~~~~~~~~~~~~~~~~~~~~~~~~~~~~~
C:/esp32_exercise/components/wifi/wifi.c:52:51: error: 'WIFI_EVENT' undeclared (first use in this function)
   52 |         err = esp_event_handler_instance_register(WIFI_EVENT, ESP_EVENT_ANY_ID, &_event_handler, NULL, NULL);
      |                                                   ^~~~~~~~~~
C:/esp32_exercise/components/wifi/wifi.c:52:63: error: 'ESP_EVENT_ANY_ID' undeclared (first use in this function)
   52 |         err = esp_event_handler_instance_register(WIFI_EVENT, ESP_EVENT_ANY_ID, &_event_handler, NULL, NULL);
      |                                                               ^~~~~~~~~~~~~~~~
C:/esp32_exercise/components/wifi/wifi.c:52:82: error: '_event_handler' undeclared (first use in this function)
   52 |         err = esp_event_handler_instance_register(WIFI_EVENT, ESP_EVENT_ANY_ID, &_event_handler, NULL, NULL);
      |                                                                                  ^~~~~~~~~~~~~~
C:/esp32_exercise/components/wifi/wifi.c:52:98: error: 'NULL' undeclared (first use in this function)
   52 |         err = esp_event_handler_instance_register(WIFI_EVENT, ESP_EVENT_ANY_ID, &_event_handler, NULL, NULL);
      |                                                                                                  ^~~~
C:/esp32_exercise/components/wifi/wifi.c:1:1: note: 'NULL' is defined in header '<stddef.h>'; did you forget to '#include <stddef.h>'?
  +++ |+#include <stddef.h>
    1 | //--------------------------------- INCLUDES ----------------------------------
C:/esp32_exercise/components/wifi/wifi.c:55:5: error: unknown type name 'wifi_config_t'
   55 |     wifi_config_t wifi_config = {
      |     ^~~~~~~~~~~~~
C:/esp32_exercise/components/wifi/wifi.c:56:9: error: field name not in record or union initializer
   56 |         .ap = {
      |         ^
C:/esp32_exercise/components/wifi/wifi.c:56:9: note: (near initialization for 'wifi_config')
C:/esp32_exercise/components/wifi/wifi.c:56:9: warning: braces around scalar initializer
C:/esp32_exercise/components/wifi/wifi.c:56:9: note: (near initialization for 'wifi_config')
C:/esp32_exercise/components/wifi/wifi.c:57:13: error: field name not in record or union initializer
   57 |             .ssid = EXAMPLE_ESP_WIFI_SSID,
      |             ^
C:/esp32_exercise/components/wifi/wifi.c:57:13: note: (near initialization for 'wifi_config')
C:/esp32_exercise/components/wifi/wifi.c:4:34: warning: initialization of 'int' from 'char *' makes integer from pointer without a cast [-Wint-conversion]
    4 | #define EXAMPLE_ESP_WIFI_SSID    ("ESP32_sipjo")
      |                                  ^
C:/esp32_exercise/components/wifi/wifi.c:57:21: note: in expansion of macro 'EXAMPLE_ESP_WIFI_SSID'
   57 |             .ssid = EXAMPLE_ESP_WIFI_SSID,
      |                     ^~~~~~~~~~~~~~~~~~~~~
C:/esp32_exercise/components/wifi/wifi.c:4:34: note: (near initialization for 'wifi_config')
    4 | #define EXAMPLE_ESP_WIFI_SSID    ("ESP32_sipjo")
      |                                  ^
C:/esp32_exercise/components/wifi/wifi.c:57:21: note: in expansion of macro 'EXAMPLE_ESP_WIFI_SSID'
   57 |             .ssid = EXAMPLE_ESP_WIFI_SSID,
      |                     ^~~~~~~~~~~~~~~~~~~~~
C:/esp32_exercise/components/wifi/wifi.c:58:13: error: field name not in record or union initializer
   58 |             .ssid_len = strlen(EXAMPLE_ESP_WIFI_SSID),
      |             ^
C:/esp32_exercise/components/wifi/wifi.c:58:13: note: (near initialization for 'wifi_config')
C:/esp32_exercise/components/wifi/wifi.c:58:25: error: implicit declaration of function 'strlen' [-Werror=implicit-function-declaration]
   58 |             .ssid_len = strlen(EXAMPLE_ESP_WIFI_SSID),
      |                         ^~~~~~
C:/esp32_exercise/components/wifi/wifi.c:1:1: note: include '<string.h>' or provide a declaration of 'strlen'
  +++ |+#include <string.h>
    1 | //--------------------------------- INCLUDES ----------------------------------
C:/esp32_exercise/components/wifi/wifi.c:58:25: warning: incompatible implicit declaration of built-in function 'strlen' [-Wbuiltin-declaration-mismatch]
   58 |             .ssid_len = strlen(EXAMPLE_ESP_WIFI_SSID),
      |                         ^~~~~~
C:/esp32_exercise/components/wifi/wifi.c:58:25: note: include '<string.h>' or provide a declaration of 'strlen'
C:/esp32_exercise/components/wifi/wifi.c:58:25: warning: excess elements in scalar initializer
C:/esp32_exercise/components/wifi/wifi.c:58:25: note: (near initialization for 'wifi_config')
C:/esp32_exercise/components/wifi/wifi.c:59:13: error: field name not in record or union initializer
   59 |             .channel = EXAMPLE_ESP_WIFI_CHANNEL,
      |             ^
C:/esp32_exercise/components/wifi/wifi.c:59:13: note: (near initialization for 'wifi_config')
C:/esp32_exercise/components/wifi/wifi.c:6:34: warning: excess elements in scalar initializer
    6 | #define EXAMPLE_ESP_WIFI_CHANNEL (1U)
      |                                  ^
C:/esp32_exercise/components/wifi/wifi.c:59:24: note: in expansion of macro 'EXAMPLE_ESP_WIFI_CHANNEL'
   59 |             .channel = EXAMPLE_ESP_WIFI_CHANNEL,
      |                        ^~~~~~~~~~~~~~~~~~~~~~~~
C:/esp32_exercise/components/wifi/wifi.c:6:34: note: (near initialization for 'wifi_config')
    6 | #define EXAMPLE_ESP_WIFI_CHANNEL (1U)
      |                                  ^
C:/esp32_exercise/components/wifi/wifi.c:59:24: note: in expansion of macro 'EXAMPLE_ESP_WIFI_CHANNEL'
   59 |             .channel = EXAMPLE_ESP_WIFI_CHANNEL,
      |                        ^~~~~~~~~~~~~~~~~~~~~~~~
C:/esp32_exercise/components/wifi/wifi.c:60:13: error: field name not in record or union initializer
   60 |             .password = EXAMPLE_ESP_WIFI_PASS,
      |             ^
C:/esp32_exercise/components/wifi/wifi.c:60:13: note: (near initialization for 'wifi_config')
C:/esp32_exercise/components/wifi/wifi.c:5:34: warning: excess elements in scalar initializer
    5 | #define EXAMPLE_ESP_WIFI_PASS    ("123456")
      |                                  ^
C:/esp32_exercise/components/wifi/wifi.c:60:25: note: in expansion of macro 'EXAMPLE_ESP_WIFI_PASS'
   60 |             .password = EXAMPLE_ESP_WIFI_PASS,
      |                         ^~~~~~~~~~~~~~~~~~~~~
C:/esp32_exercise/components/wifi/wifi.c:5:34: note: (near initialization for 'wifi_config')
    5 | #define EXAMPLE_ESP_WIFI_PASS    ("123456")
      |                                  ^
C:/esp32_exercise/components/wifi/wifi.c:60:25: note: in expansion of macro 'EXAMPLE_ESP_WIFI_PASS'
   60 |             .password = EXAMPLE_ESP_WIFI_PASS,
      |                         ^~~~~~~~~~~~~~~~~~~~~
C:/esp32_exercise/components/wifi/wifi.c:61:13: error: field name not in record or union initializer
   61 |             .max_connection = EXAMPLE_MAX_STA_CONN,
      |             ^
C:/esp32_exercise/components/wifi/wifi.c:61:13: note: (near initialization for 'wifi_config')
C:/esp32_exercise/components/wifi/wifi.c:7:34: warning: excess elements in scalar initializer
    7 | #define EXAMPLE_MAX_STA_CONN     (4U)
      |                                  ^
C:/esp32_exercise/components/wifi/wifi.c:61:31: note: in expansion of macro 'EXAMPLE_MAX_STA_CONN'
   61 |             .max_connection = EXAMPLE_MAX_STA_CONN,
      |                               ^~~~~~~~~~~~~~~~~~~~
C:/esp32_exercise/components/wifi/wifi.c:7:34: note: (near initialization for 'wifi_config')
    7 | #define EXAMPLE_MAX_STA_CONN     (4U)
      |                                  ^
C:/esp32_exercise/components/wifi/wifi.c:61:31: note: in expansion of macro 'EXAMPLE_MAX_STA_CONN'
   61 |             .max_connection = EXAMPLE_MAX_STA_CONN,
      |                               ^~~~~~~~~~~~~~~~~~~~
C:/esp32_exercise/components/wifi/wifi.c:62:13: error: field name not in record or union initializer
   62 |             .authmode = WIFI_AUTH_WPA_WPA2_PSK,
      |             ^
C:/esp32_exercise/components/wifi/wifi.c:62:13: note: (near initialization for 'wifi_config')
C:/esp32_exercise/components/wifi/wifi.c:62:25: error: 'WIFI_AUTH_WPA_WPA2_PSK' undeclared (first use in this function)
   62 |             .authmode = WIFI_AUTH_WPA_WPA2_PSK,
      |                         ^~~~~~~~~~~~~~~~~~~~~~
C:/esp32_exercise/components/wifi/wifi.c:62:25: warning: excess elements in scalar initializer
C:/esp32_exercise/components/wifi/wifi.c:62:25: note: (near initialization for 'wifi_config')
C:/esp32_exercise/components/wifi/wifi.c:68:20: error: request for member 'ap' in something not a structure or union
   68 |         wifi_config.ap.authmode = WIFI_AUTH_OPEN;
      |                    ^
C:/esp32_exercise/components/wifi/wifi.c:68:35: error: 'WIFI_AUTH_OPEN' undeclared (first use in this function)
   68 |         wifi_config.ap.authmode = WIFI_AUTH_OPEN;
      |                                   ^~~~~~~~~~~~~~
C:/esp32_exercise/components/wifi/wifi.c:75:15: error: implicit declaration of function 'esp_wifi_set_mode' [-Werror=implicit-function-declaration]
   75 |         err = esp_wifi_set_mode(WIFI_MODE_AP);
      |               ^~~~~~~~~~~~~~~~~
C:/esp32_exercise/components/wifi/wifi.c:75:33: error: 'WIFI_MODE_AP' undeclared (first use in this function)
   75 |         err = esp_wifi_set_mode(WIFI_MODE_AP);
      |                                 ^~~~~~~~~~~~
C:/esp32_exercise/components/wifi/wifi.c:82:15: error: implicit declaration of function 'esp_wifi_set_config' [-Werror=implicit-function-declaration]
   82 |         err = esp_wifi_set_config(WIFI_IF_AP, &wifi_config);
      |               ^~~~~~~~~~~~~~~~~~~
C:/esp32_exercise/components/wifi/wifi.c:82:35: error: 'WIFI_IF_AP' undeclared (first use in this function)
   82 |         err = esp_wifi_set_config(WIFI_IF_AP, &wifi_config);
      |                                   ^~~~~~~~~~
C:/esp32_exercise/components/wifi/wifi.c:89:15: error: implicit declaration of function 'esp_wifi_start' [-Werror=implicit-function-declaration]
   89 |         err = esp_wifi_start();
      |               ^~~~~~~~~~~~~~
C:/esp32_exercise/components/wifi/wifi.c: At top level:
C:/esp32_exercise/components/wifi/wifi.c:102:41: error: unknown type name 'esp_event_base_t'
  102 | static void _event_handler(void *p_arg, esp_event_base_t event_base, int32_t event_id, void *p_event_data)
      |                                         ^~~~~~~~~~~~~~~~
C:/esp32_exercise/components/wifi/wifi.c:102:70: error: unknown type name 'int32_t'
  102 | static void _event_handler(void *p_arg, esp_event_base_t event_base, int32_t event_id, void *p_event_data)
      |                                                                      ^~~~~~~
C:/esp32_exercise/components/wifi/wifi.c:1:1: note: 'int32_t' is defined in header '<stdint.h>'; did you forget to '#include <stdint.h>'?
  +++ |+#include <stdint.h>
    1 | //--------------------------------- INCLUDES ----------------------------------
C:/esp32_exercise/components/wifi/wifi.c:16:18: warning: '_wifi_init_softap' defined but not used [-Wunused-function]
   16 | static esp_err_t _wifi_init_softap(void)
      |                  ^~~~~~~~~~~~~~~~~
cc1.exe: some warnings being treated as errors
[2/12] Performing build step for 'bootloader'
[1/1] cmd.exe /C "cd /D C:\esp32_exercise\build\bootloader\esp-idf\esptool_py && C:\EspressifnotVSC\python_env\idf5.0_py3.11_env\Scripts\python.exe C:/EspressifnotVSC/frameworks/esp-idf-v5.0.4/components/partition_table/check_sizes.py --offset 0x8000 bootloader 0x1000 C:/esp32_exercise/build/bootloader/bootloader.bin"
Bootloader binary size 0x6760 bytes. 0x8a0 bytes (8%) free.
[3/10] Building C object esp-idf/main/CMakeFiles/__idf_main.dir/app_main.c.obj
In file included from C:/esp32_exercise/main/app_main.c:14:
C:/esp32_exercise/components/wifi/wifi.h:9:18: warning: '_wifi_init_softap' used but never defined
    9 | static esp_err_t _wifi_init_softap(void);
      |                  ^~~~~~~~~~~~~~~~~
C:/esp32_exercise/main/app_main.c:16:13: warning: '_event_handler' declared 'static' but never defined [-Wunused-function]
   16 | static void _event_handler(void *p_arg, esp_event_base_t event_base, int32_t event_id, void *p_event_data);
      |             ^~~~~~~~~~~~~~
ninja: build stopped: subcommand failed.
